2018-09-12 18:03:35 >> [INFO] (stream_util) : StreamListener initialized
2018-09-12 18:03:35 >> [INFO] (stream_util) : StreamController initialized
2018-09-12 18:03:36 >> [INFO] (main) : Program starts
2018-09-12 18:03:38 >> [INFO] (db_utils) : Trying to connect to MongoDB with host: 127.0.0.1 and port: 27017
2018-09-12 18:03:38 >> [INFO] (db_utils) : Successfully connected
2018-09-12 18:03:45 >> [INFO] (frames.DbFrame) : Dropping collection 'Donald Trump'
2018-09-12 18:03:46 >> [INFO] (main) : Using database: 'tweets' - collection: 'Donald Trump'
2018-09-12 18:04:23 >> [INFO] (training) : Accuracy of classifier = 72.5%
2018-09-12 18:04:24 >> sa_polarity.pickle file saved.
2018-09-12 18:04:31 >> [INFO] (training) : Cannot find the polarity sentiment analyzer file.
Training a new one using Naive Bayes Classifier.
Be patient. It might take a while.
2018-09-12 18:06:05 >> [INFO] (training) : Accuracy of classifier = 86.6%
2018-09-12 18:06:05 >> sa_subjectivity.pickle file saved.
2018-09-12 18:06:09 >> [INFO] (training) : Cannot find the subjectivity sentiment analyzer file.
Training a new one using Naive Bayes Classifier.
Be patient. It might take a while.
2018-09-12 18:06:20 >> [INFO] (stream_util) : Trying to connect to the Streaming Server...
2018-09-12 18:06:22 >> [SUCCESS] (stream_util) : Connected to Streaming Server!
2018-09-12 18:06:22 >> [INFO] (stream_util) : #### Gathering tweets for 'Donald Trump' keyword. ####
2018-09-12 18:07:03 >> [INFO] (stream_util) : Terminating stream...
2018-09-12 18:07:04 >> [INFO] (stream_util) : Gathered 131 tweets - Ignored 10 tweets
2018-09-12 18:07:08 >> [INFO] (frames.StatsFrame) : Found 131 tweets in the DB
